[2015.05.19 01:15:11] (Coverage): Error during class instrumentation: com.sun.java.swing.SwingUtilities3
java.lang.NullPointerException
	at com.intellij.rt.coverage.instrumentation.Instrumentator$MyClassWriter.typeInfo(Instrumentator.java:370)
	at com.intellij.rt.coverage.instrumentation.Instrumentator$MyClassWriter.getCommonSuperClass(Instrumentator.java:295)
	at org.jetbrains.org.objectweb.asm.ClassWriter.getMergedType(ClassWriter.java:1654)
	at org.jetbrains.org.objectweb.asm.Frame.merge(Frame.java:1426)
	at org.jetbrains.org.objectweb.asm.Frame.merge(Frame.java:1325)
	at org.jetbrains.org.objectweb.asm.MethodWriter.visitMaxs(MethodWriter.java:1475)
	at org.jetbrains.org.objectweb.asm.MethodVisitor.visitMaxs(MethodVisitor.java:866)
	at com.intellij.rt.coverage.instrumentation.SamplingInstrumenter$1.visitMaxs(SamplingInstrumenter.java:99)
	at org.jetbrains.org.objectweb.asm.ClassReader.readCode(ClassReader.java:1554)
	at org.jetbrains.org.objectweb.asm.ClassReader.readMethod(ClassReader.java:1017)
	at org.jetbrains.org.objectweb.asm.ClassReader.accept(ClassReader.java:693)
	at org.jetbrains.org.objectweb.asm.ClassReader.accept(ClassReader.java:506)
	at com.intellij.rt.coverage.instrumentation.Instrumentator.instrument(Instrumentator.java:193)
	at com.intellij.rt.coverage.instrumentation.Instrumentator.access$000(Instrumentator.java:41)
	at com.intellij.rt.coverage.instrumentation.Instrumentator$1.transform(Instrumentator.java:154)
	at sun.instrument.TransformerManager.transform(TransformerManager.java:188)
	at sun.instrument.InstrumentationImpl.transform(InstrumentationImpl.java:424)
	at javax.swing.RepaintManager.getDelegate(RepaintManager.java:1681)
	at javax.swing.RepaintManager.addDirtyRegion(RepaintManager.java:463)
	at javax.swing.JComponent.repaint(JComponent.java:4796)
	at java.awt.Component.repaint(Component.java:3297)
	at javax.swing.JComponent.setFont(JComponent.java:2746)
	at javax.swing.LookAndFeel.installColorsAndFont(LookAndFeel.java:208)
	at javax.swing.plaf.basic.BasicPanelUI.installDefaults(BasicPanelUI.java:66)
	at javax.swing.plaf.basic.BasicPanelUI.installUI(BasicPanelUI.java:56)
	at javax.swing.JComponent.setUI(JComponent.java:656)
	at javax.swing.JPanel.setUI(JPanel.java:153)
	at javax.swing.JPanel.updateUI(JPanel.java:126)
	at javax.swing.JPanel.<init>(JPanel.java:86)
	at javax.swing.JPanel.<init>(JPanel.java:109)
	at javax.swing.JPanel.<init>(JPanel.java:117)
	at javax.swing.JRootPane.createGlassPane(JRootPane.java:545)
	at javax.swing.JRootPane.<init>(JRootPane.java:365)
	at javax.swing.JFrame.createRootPane(JFrame.java:271)
	at javax.swing.JFrame.frameInit(JFrame.java:252)
	at javax.swing.JFrame.<init>(JFrame.java:175)
	at com.mainFrame.<init>(mainFrame.java:28)
	at com.Graph$1.run(Graph.java:10)
	at java.awt.event.InvocationEvent.dispatch(InvocationEvent.java:312)
	at java.awt.EventQueue.dispatchEventImpl(EventQueue.java:745)
	at java.awt.EventQueue.access$300(EventQueue.java:103)
	at java.awt.EventQueue$3.run(EventQueue.java:706)
	at java.awt.EventQueue$3.run(EventQueue.java:704)
	at java.security.AccessController.doPrivileged(Native Method)
	at java.security.ProtectionDomain$1.doIntersectionPrivilege(ProtectionDomain.java:76)
	at java.awt.EventQueue.dispatchEvent(EventQueue.java:715)
	at java.awt.EventDispatchThread.pumpOneEventForFilters(EventDispatchThread.java:242)
	at java.awt.EventDispatchThread.pumpEventsForFilter(EventDispatchThread.java:161)
	at java.awt.EventDispatchThread.pumpEventsForHierarchy(EventDispatchThread.java:150)
	at java.awt.EventDispatchThread.pumpEvents(EventDispatchThread.java:146)
	at java.awt.EventDispatchThread.pumpEvents(EventDispatchThread.java:138)
	at java.awt.EventDispatchThread.run(EventDispatchThread.java:91)
